2024-10-10T15:41:45.173Z - GET /api/gimnasios - Body: {"id_entrenador":3,"codigo_gym":"GYM5555","nombre":"Levi","apellido":"Narvaez","fecha_nacimiento":"2004-03-13","contacto":"9991009008","username":"LeviGoat","password":"trainer2004","imagen":"entrenador3.jpg"}
2024-10-10T15:42:17.929Z - GET /api/entrenadores - Body: {}
2024-10-10T15:44:05.977Z - GET /api/entrenadores/2 - Body: {}
2024-10-10T15:44:13.252Z - GET /api/entrenadores/1 - Body: {}
2024-10-10T15:44:27.131Z - GET /api/gimnasios/2 - Body: {"id_entrenador":3,"codigo_gym":"GYM5555","nombre":"Levi","apellido":"Narvaez","fecha_nacimiento":"2004-03-13","contacto":"9991009008","username":"LeviGoat","password":"trainer2004","imagen":"entrenador3.jpg"}
2024-10-10T15:59:37.949Z - GET /api/gimnasios
2024-10-10T15:59:55.600Z - GET /api/entrenadores
2024-10-10T16:00:38.232Z - GET /api/entrenadores/3
2024-10-10T16:00:49.132Z - GET /api/gimnasios/2
2024-10-10T16:24:19.842Z - GET /api/gimnasios - Body: {"id_gym":6,"codigo_gym":"GYM121314","Nombre":"Elite Fitness","Pais":"Colombia","Estado":"Cundinamarca","Ciudad":"Bogotá","Direccion":"Carrera 7 #45-12","CodigoPostal":"110231","RFC":"RFC123456002","imagen":"gym6.jpg"}
2024-10-10T16:24:29.951Z - POST /api/gimnasios - Body: {"id_gym":6,"codigo_gym":"GYM121314","Nombre":"Elite Fitness","Pais":"Colombia","Estado":"Cundinamarca","Ciudad":"Bogotá","Direccion":"Carrera 7 #45-12","CodigoPostal":"110231","RFC":"RFC123456002","imagen":"gym6.jpg"}
2024-10-10T16:24:31.060Z - POST /api/gimnasios - Body: {"id_gym":6,"codigo_gym":"GYM121314","Nombre":"Elite Fitness","Pais":"Colombia","Estado":"Cundinamarca","Ciudad":"Bogotá","Direccion":"Carrera 7 #45-12","CodigoPostal":"110231","RFC":"RFC123456002","imagen":"gym6.jpg"}
2024-10-10T16:24:53.587Z - GET /api/gimnasios - Body: {"id_gym":6,"codigo_gym":"GYM121314","Nombre":"Elite Fitness","Pais":"Colombia","Estado":"Cundinamarca","Ciudad":"Bogotá","Direccion":"Carrera 7 #45-12","CodigoPostal":"110231","RFC":"RFC123456002","imagen":"gym6.jpg"}
2024-10-10T16:26:40.412Z - DELETE /api/gimnasios/6 - Body: {"id_gym":6,"codigo_gym":"GYM121314","Nombre":"Elite Fitness","Pais":"Colombia","Estado":"Cundinamarca","Ciudad":"Bogotá","Direccion":"Carrera 7 #45-12","CodigoPostal":"110231","RFC":"RFC123456002","imagen":"gym6.jpg"}
2024-10-10T16:26:59.983Z - GET /api/gimnasios - Body: {"id_gym":6,"codigo_gym":"GYM121314","Nombre":"Elite Fitness","Pais":"Colombia","Estado":"Cundinamarca","Ciudad":"Bogotá","Direccion":"Carrera 7 #45-12","CodigoPostal":"110231","RFC":"RFC123456002","imagen":"gym6.jpg"}
2024-10-10T16:30:18.705Z - POST /api/entrenadores - Body: {"id_entrenador":5,"codigo_gym":"GYM1234","nombre":"María","apellido":"Torres","fecha_nacimiento":"1992-04-15","contacto":"5553334444","username":"trainerMaria","password":"trainerPass5","imagen":"entrenador5.jpg"}
2024-10-10T19:24:40.362Z - GET /api/clientes - Body: {"id_gym":5,"codigo_gym":"GYM91011","Nombre":"Strong Gym","Pais":"España","Estado":"Madrid","Ciudad":"Madrid","Direccion":"Calle Mayor 123","CodigoPostal":"28001","RFC":"RFC123456001","imagen":"gym5.jpg"}
2024-10-10T19:26:48.162Z - GET /api/clientes - Body: {"id_gym":5,"codigo_gym":"GYM91011","Nombre":"Strong Gym","Pais":"España","Estado":"Madrid","Ciudad":"Madrid","Direccion":"Calle Mayor 123","CodigoPostal":"28001","RFC":"RFC123456001","imagen":"gym5.jpg"}
2024-10-10T19:30:16.574Z - GET /api/clientes - Body: {}
2024-10-10T19:37:12.536Z - GET /api/clientes - Body: {}
2024-10-10T19:37:12.539Z - GET /api/clientes - Body: {}
2024-10-10T19:37:29.214Z - GET /api/clientes/1 - Body: {}
2024-10-10T19:37:29.215Z - GET /api/clientes/1 - Body: {}
2024-10-10T19:46:04.033Z - GET /api/clientes/1 - Body: {}
2024-10-10T19:46:04.036Z - GET /api/clientes/1 - Body: {}
2024-10-10T19:46:13.444Z - GET /api/clientes - Body: {}
2024-10-10T19:46:13.445Z - GET /api/clientes - Body: {}
2024-10-10T19:46:19.366Z - GET /api/entrenadores - Body: {}
2024-10-10T19:46:19.367Z - GET /api/entrenadores - Body: {}
2024-10-10T19:59:12.805Z - GET /api/entrenadores - Body: {}
2024-10-10T19:59:12.810Z - GET /api/entrenadores - Body: {}
2024-10-10T19:59:13.917Z - GET /api/entrenadores - Body: {}
2024-10-10T19:59:13.917Z - GET /api/entrenadores - Body: {}
2024-10-10T19:59:38.858Z - GET /api/client - Body: {}
2024-10-10T20:05:15.224Z - GET /api/entrenadores - Body: {}
2024-10-10T20:05:33.494Z - GET /api/gimnasios - Body: {}
2024-10-10T20:12:15.925Z - GET /api/clientes - Body: {}
2024-10-10T20:12:15.930Z - GET /api/clientes - Body: {}
2024-10-10T20:12:57.838Z - GET /api/clientes/1 - Body: {}
2024-10-10T20:12:57.840Z - GET /api/clientes/1 - Body: {}
2024-10-10T20:18:01.935Z - GET /api/clientes/1 - Body: {}
2024-10-10T20:18:01.936Z - GET /api/clientes/1 - Body: {}
2024-10-10T20:18:05.763Z - GET /api/clientes - Body: {}
2024-10-10T20:18:05.763Z - GET /api/clientes - Body: {}
2024-10-10T20:18:12.548Z - GET /api/gimasios - Body: {}
2024-10-10T20:18:18.173Z - GET /api/gimnasios - Body: {}
2024-10-10T20:18:29.760Z - GET /api/entrenadores - Body: {}
2024-10-10T20:23:58.217Z - GET /api/entrenadores - Body: {}
2024-10-10T20:23:58.270Z - GET /favicon.ico - Body: {}
2024-10-11T19:38:14.526Z - GET /api/entrenadores - Body: {}
2024-10-11T19:38:39.364Z - GET /api/entrenadores - Body: {}
2024-10-11T19:38:39.517Z - GET /favicon.ico - Body: {}
2024-10-11T22:43:54.406Z - GET / - Body: {}
2024-10-11T22:44:03.174Z - GET /api/entrenadores - Body: {}
2024-10-11T22:44:03.175Z - GET /api/entrenadores - Body: {}
2024-10-11T22:48:31.230Z - GET /api/clientes - Body: {}
2024-10-11T22:48:31.233Z - GET /api/clientes - Body: {}
2024-10-11T22:49:32.827Z - GET /api/gimnasios - Body: {}
2024-10-11T22:49:32.827Z - GET /api/gimnasios - Body: {}
2024-10-11T22:49:55.741Z - GET /api/entrenadores - Body: {}
2024-10-11T22:49:55.741Z - GET /api/entrenadores - Body: {}
2024-10-14T00:36:23.150Z - GET /api/entrenadores - Body: {}
2024-10-14T00:36:23.154Z - GET /api/entrenadores - Body: {}
2024-10-14T01:04:02.700Z - POST /api/auth/login - Body: {}
2024-10-14T01:10:20.149Z - POST /api/login - Body: {"username":"Emilio","password":"Emipro2004"}
2024-10-14T01:11:13.599Z - POST /api/login - Body: {"username":"Emilio","password":"Emipro2004"}
2024-10-14T01:11:14.353Z - POST /api/login - Body: {"username":"Emilio","password":"Emipro2004"}
2024-10-14T01:11:14.641Z - POST /api/login - Body: {"username":"Emilio","password":"Emipro2004"}
2024-10-14T01:11:14.814Z - POST /api/login - Body: {"username":"Emilio","password":"Emipro2004"}
2024-10-14T01:11:14.997Z - POST /api/login - Body: {"username":"Emilio","password":"Emipro2004"}
2024-10-14T01:11:54.423Z - POST /api/login - Body: {"username":"Emilio","password":"Emipro2004"}
2024-10-14T01:11:59.013Z - POST /api/login - Body: {"username":"Emilio","password":"Emipro2004"}
2024-10-14T01:12:00.687Z - POST /api/login - Body: {"username":"Emilio","password":"Emipro2004"}
2024-10-14T01:12:01.528Z - POST /api/login - Body: {"username":"Emilio","password":"Emipro2004"}
2024-10-14T01:12:37.730Z - POST /api/login - Body: {"username":"Emilio","password":"Emipro2004"}
2024-10-14T01:12:38.360Z - POST /api/login - Body: {"username":"Emilio","password":"Emipro2004"}
2024-10-14T01:12:38.653Z - POST /api/login - Body: {"username":"Emilio","password":"Emipro2004"}
2024-10-14T01:15:09.381Z - POST /api/login - Body: {"username":"Emilio","password":"Emipro2004"}
2024-10-14T01:15:10.367Z - POST /api/login - Body: {"username":"Emilio","password":"Emipro2004"}
2024-10-14T01:15:11.058Z - POST /api/login - Body: {"username":"Emilio","password":"Emipro2004"}
2024-10-14T01:16:22.447Z - POST /api/login - Body: {"username":"Emilio","password":"Emipro2004"}
2024-10-14T01:21:51.167Z - GET /api/entrenadores - Body: {"username":"Emilio","password":"Emipro2004"}
2024-10-14T01:22:03.178Z - GET /api/entrenadores - Body: {}
2024-10-14T01:22:09.549Z - GET /api/gimnasios - Body: {}
2024-10-14T01:22:14.681Z - GET /api/clientes - Body: {}
2024-10-14T01:22:19.617Z - GET /api/clientes/1 - Body: {}
2024-10-14T01:25:22.904Z - POST /api/login - Body: {"username":"Emilio","password":"Emipro2004"}
2024-10-14T01:25:48.445Z - POST /api/login - Body: {"username":"Emilio","password":"Emipro2004"}
2024-10-14T01:25:49.206Z - POST /api/login - Body: {"username":"Emilio","password":"Emipro2004"}
2024-10-14T01:25:53.803Z - GET / - Body: {}
2024-10-14T01:25:53.943Z - GET /favicon.ico - Body: {}
2024-10-14T01:26:08.703Z - GET /api/login - Body: {}
2024-10-14T01:26:08.751Z - GET /favicon.ico - Body: {}
2024-10-14T01:26:15.290Z - GET /api/login - Body: {}
2024-10-14T01:26:15.335Z - GET /favicon.ico - Body: {}
2024-10-14T01:26:16.505Z - GET /api/login - Body: {}
2024-10-14T01:26:16.554Z - GET /favicon.ico - Body: {}
2024-10-14T01:26:17.243Z - GET /api/login - Body: {}
2024-10-14T01:26:17.289Z - GET /favicon.ico - Body: {}
2024-10-14T01:29:09.404Z - POST /api/login - Body: {"username":"Emilio","password":"Emipro2004"}
2024-10-14T01:32:23.458Z - POST /api/login - Body: {"username":"Emilio","password":"Emipro2004"}
2024-10-14T01:32:49.285Z - GET /api/gimnasios - Body: {"username":"Emilio","password":"Emipro2004"}
2024-10-14T01:32:49.292Z - GET /api/gimnasios - Body: {"username":"Emilio","password":"Emipro2004"}
2024-10-14T02:03:23.468Z - GET / - Body: {}
2024-10-14T02:03:23.587Z - GET /favicon.ico - Body: {}
2024-10-14T02:52:12.834Z - OPTIONS /api/login - Body: {}
2024-10-14T02:58:16.207Z - OPTIONS /api/login - Body: {}
2024-10-14T02:58:17.957Z - OPTIONS /api/login - Body: {}
2024-10-14T02:58:18.335Z - OPTIONS /api/login - Body: {}
2024-10-14T02:58:18.515Z - OPTIONS /api/login - Body: {}
2024-10-14T02:58:18.698Z - OPTIONS /api/login - Body: {}
2024-10-14T02:58:18.858Z - OPTIONS /api/login - Body: {}
2024-10-14T02:58:19.022Z - OPTIONS /api/login - Body: {}
2024-10-14T02:58:19.170Z - OPTIONS /api/login - Body: {}
2024-10-14T02:58:19.332Z - OPTIONS /api/login - Body: {}
2024-10-14T02:58:19.518Z - OPTIONS /api/login - Body: {}
2024-10-14T02:58:20.675Z - OPTIONS /api/login - Body: {}
2024-10-14T02:58:21.694Z - OPTIONS /api/login - Body: {}
2024-10-14T02:58:22.809Z - OPTIONS /api/login - Body: {}
2024-10-14T02:59:51.331Z - OPTIONS /api/login - Body: {}
2024-10-14T03:02:43.959Z - POST /api/login - Body: {"username":"Emilio","password":"Emipro2004"}
2024-10-14T03:02:55.892Z - GET /api/gimnasios - Body: {}
2024-10-14T03:02:55.907Z - GET /api/gimnasios - Body: {}
2024-10-14T03:03:02.596Z - GET /api/clientes - Body: {}
2024-10-14T03:03:02.604Z - GET /api/clientes - Body: {}
2024-10-14T03:03:05.744Z - GET /api/entrenadores - Body: {}
2024-10-14T03:03:05.751Z - GET /api/entrenadores - Body: {}
2024-10-14T03:03:44.003Z - GET /api/clientes - Body: {}
2024-10-14T03:03:44.012Z - GET /api/clientes - Body: {}
2024-10-14T14:13:01.169Z - POST /api/login - Body: {"username":"Ayala","password":"Ayalapro"}
2024-10-14T14:13:34.062Z - POST /api/login - Body: {"username":"Emilio_Alvarez_Gerente","password":"Ayalapro"}
2024-10-14T14:13:44.761Z - POST /api/login - Body: {"username":"Emilio","password":"Emipro2004"}
2024-10-14T14:13:53.242Z - GET /api/gimnasios - Body: {}
2024-10-14T14:13:53.232Z - GET /api/gimnasios - Body: {}
2024-10-14T14:13:58.606Z - GET /api/clientes - Body: {}
2024-10-14T14:13:58.614Z - GET /api/clientes - Body: {}
2024-10-14T14:14:02.832Z - GET /api/entrenadores - Body: {}
2024-10-14T14:14:02.830Z - GET /api/entrenadores - Body: {}
2024-10-14T14:15:18.497Z - GET /api/gimnasios - Body: {}
2024-10-14T14:15:18.501Z - GET /api/gimnasios - Body: {}
2024-10-15T16:32:19.053Z - GET /api/gimnasios%7B - Body: {}
2024-10-15T16:32:19.126Z - GET /favicon.ico - Body: {}
2024-10-15T16:32:25.403Z - GET /api/gimnasios%7B - Body: {}
2024-10-15T16:32:25.428Z - GET /favicon.ico - Body: {}
2024-10-15T16:32:33.129Z - GET /api-docs%7B - Body: {}
2024-10-15T16:32:33.159Z - GET /favicon.ico - Body: {}
